<?xml version="1.0" encoding="UTF-8"?>
<testsuite name="GET api/get all power plants" tests="2" skipped="0" failures="0" errors="0" timestamp="2022-02-24T12:37:36" hostname="DESKTOP-6G7VJHS" time="0.19">
  <properties/>
  <testcase name="should return all powerplants()" classname="assessments.com.powerplantrestapi.controller.PowerPlantIntegrationTest$GetPowerPlants" time="0.145"/>
  <testcase name="should return not authenticated()" classname="assessments.com.powerplantrestapi.controller.PowerPlantIntegrationTest$GetPowerPlants" time="0.043"/>
  <system-out><![CDATA[2022-02-24 14:37:36.632  INFO 3384 --- [    Test worker] o.s.t.c.support.AbstractContextLoader    : Could not detect default resource locations for test class [assessments.com.powerplantrestapi.controller.base.BaseIntegrationTest]: no resource found for suffixes {-context.xml, Context.groovy}.
2022-02-24 14:37:36.632  INFO 3384 --- [    Test worker] t.c.s.AnnotationConfigContextLoaderUtils : Could not detect default configuration classes for test class [assessments.com.powerplantrestapi.controller.base.BaseIntegrationTest]: BaseIntegrationTest does not declare any static, non-private, non-final, nested classes annotated with @Configuration.
2022-02-24 14:37:36.635  INFO 3384 --- [    Test worker] .b.t.c.SpringBootTestContextBootstrapper : Found @SpringBootConfiguration assessments.com.powerplantrestapi.KotlinRestfulApiApplication for test class assessments.com.powerplantrestapi.controller.PowerPlantIntegrationTest$GetPowerPlants
2022-02-24 14:37:36.639  INFO 3384 --- [    Test worker] .b.t.c.SpringBootTestContextBootstrapper : Loaded default TestExecutionListener class names from location [META-INF/spring.factories]: [org.springframework.boot.test.autoconfigure.restdocs.RestDocsTestExecutionListener, org.springframework.boot.test.autoconfigure.web.client.MockRestServiceServerResetTestExecutionListener, org.springframework.boot.test.autoconfigure.web.servlet.MockMvcPrintOnlyOnFailureTestExecutionListener, org.springframework.boot.test.autoconfigure.web.servlet.WebDriverTestExecutionListener, org.springframework.boot.test.autoconfigure.webservices.client.MockWebServiceServerTestExecutionListener, org.springframework.boot.test.mock.mockito.MockitoTestExecutionListener, org.springframework.boot.test.mock.mockito.ResetMocksTestExecutionListener, org.springframework.test.context.web.ServletTestExecutionListener, org.springframework.test.context.support.DirtiesContextBeforeModesTestExecutionListener, org.springframework.test.context.event.ApplicationEventsTestExecutionListener, org.springframework.test.context.support.DependencyInjectionTestExecutionListener, org.springframework.test.context.support.DirtiesContextTestExecutionListener, org.springframework.test.context.transaction.TransactionalTestExecutionListener, org.springframework.test.context.jdbc.SqlScriptsTestExecutionListener, org.springframework.test.context.event.EventPublishingTestExecutionListener]
2022-02-24 14:37:36.640  INFO 3384 --- [    Test worker] .b.t.c.SpringBootTestContextBootstrapper : Using TestExecutionListeners: [org.springframework.test.context.web.ServletTestExecutionListener@b079fa2, org.springframework.test.context.support.DirtiesContextBeforeModesTestExecutionListener@25198ead, org.springframework.test.context.event.ApplicationEventsTestExecutionListener@1b52f723, org.springframework.boot.test.mock.mockito.MockitoTestExecutionListener@39384ba6, org.springframework.boot.test.autoconfigure.SpringBootDependencyInjectionTestExecutionListener@e7529ac, org.springframework.test.context.support.DirtiesContextTestExecutionListener@6770a229, org.springframework.test.context.transaction.TransactionalTestExecutionListener@6b17aa0b, org.springframework.test.context.jdbc.SqlScriptsTestExecutionListener@1009a9b4, org.springframework.test.context.event.EventPublishingTestExecutionListener@3796ca50, org.springframework.boot.test.autoconfigure.restdocs.RestDocsTestExecutionListener@55154761, org.springframework.boot.test.autoconfigure.web.client.MockRestServiceServerResetTestExecutionListener@304e83a, org.springframework.boot.test.autoconfigure.web.servlet.MockMvcPrintOnlyOnFailureTestExecutionListener@5e9db5e7, org.springframework.boot.test.autoconfigure.web.servlet.WebDriverTestExecutionListener@5fd8302e, org.springframework.boot.test.autoconfigure.webservices.client.MockWebServiceServerTestExecutionListener@20894afb, org.springframework.boot.test.mock.mockito.ResetMocksTestExecutionListener@46823e8]
Hibernate: 
    select
        nextval ('hibernate_sequence')
Hibernate: 
    select
        powerplant0_.sequence_number as sequence1_1_0_,
        powerplant0_.created_at as created_2_1_0_,
        powerplant0_.generator_id as generato3_1_0_,
        powerplant0_.generator_status as generato4_1_0_,
        powerplant0_.genntan as genntan5_1_0_,
        powerplant0_.plant_name as plant_na6_1_0_,
        powerplant0_.pstatabb as pstatabb7_1_0_,
        powerplant0_.updated_at as updated_8_1_0_,
        powerplant0_.year as year9_1_0_ 
    from
        powerplant powerplant0_ 
    where
        powerplant0_.sequence_number=?
Hibernate: 
    select
        nextval ('hibernate_sequence')
Hibernate: 
    select
        powerplant0_.sequence_number as sequence1_1_0_,
        powerplant0_.created_at as created_2_1_0_,
        powerplant0_.generator_id as generato3_1_0_,
        powerplant0_.generator_status as generato4_1_0_,
        powerplant0_.genntan as genntan5_1_0_,
        powerplant0_.plant_name as plant_na6_1_0_,
        powerplant0_.pstatabb as pstatabb7_1_0_,
        powerplant0_.updated_at as updated_8_1_0_,
        powerplant0_.year as year9_1_0_ 
    from
        powerplant powerplant0_ 
    where
        powerplant0_.sequence_number=?
Hibernate: 
    select
        nextval ('hibernate_sequence')
Hibernate: 
    insert 
    into
        powerplant
        (created_at, generator_id, generator_status, genntan, plant_name, pstatabb, updated_at, year, sequence_number) 
    values
        (?, ?, ?, ?, ?, ?, ?, ?, ?)
Hibernate: 
    insert 
    into
        powerplant
        (created_at, generator_id, generator_status, genntan, plant_name, pstatabb, updated_at, year, sequence_number) 
    values
        (?, ?, ?, ?, ?, ?, ?, ?, ?)
Hibernate: 
    insert 
    into
        powerplant
        (created_at, generator_id, generator_status, genntan, plant_name, pstatabb, updated_at, year, sequence_number) 
    values
        (?, ?, ?, ?, ?, ?, ?, ?, ?)
2022-02-24 14:37:36.688  INFO 3384 --- [    Test worker] o.a.c.c.C.[Tomcat].[localhost].[/]       : Initializing Spring TestDispatcherServlet ''
2022-02-24 14:37:36.688  INFO 3384 --- [    Test worker] o.s.t.web.servlet.TestDispatcherServlet  : Initializing Servlet ''
2022-02-24 14:37:36.690  INFO 3384 --- [    Test worker] o.s.t.web.servlet.TestDispatcherServlet  : Completed initialization in 2 ms
Hibernate: 
    select
        count(*) as col_0_0_ 
    from
        api_keys apikey0_ 
    where
        apikey0_.id=?
Hibernate: 
    select
        powerplant0_.sequence_number as sequence1_1_,
        powerplant0_.created_at as created_2_1_,
        powerplant0_.generator_id as generato3_1_,
        powerplant0_.generator_status as generato4_1_,
        powerplant0_.genntan as genntan5_1_,
        powerplant0_.plant_name as plant_na6_1_,
        powerplant0_.pstatabb as pstatabb7_1_,
        powerplant0_.updated_at as updated_8_1_,
        powerplant0_.year as year9_1_ 
    from
        powerplant powerplant0_
Hibernate: 
    select
        nextval ('hibernate_sequence')
Hibernate: 
    select
        powerplant0_.sequence_number as sequence1_1_0_,
        powerplant0_.created_at as created_2_1_0_,
        powerplant0_.generator_id as generato3_1_0_,
        powerplant0_.generator_status as generato4_1_0_,
        powerplant0_.genntan as genntan5_1_0_,
        powerplant0_.plant_name as plant_na6_1_0_,
        powerplant0_.pstatabb as pstatabb7_1_0_,
        powerplant0_.updated_at as updated_8_1_0_,
        powerplant0_.year as year9_1_0_ 
    from
        powerplant powerplant0_ 
    where
        powerplant0_.sequence_number=?
Hibernate: 
    select
        nextval ('hibernate_sequence')
Hibernate: 
    select
        powerplant0_.sequence_number as sequence1_1_0_,
        powerplant0_.created_at as created_2_1_0_,
        powerplant0_.generator_id as generato3_1_0_,
        powerplant0_.generator_status as generato4_1_0_,
        powerplant0_.genntan as genntan5_1_0_,
        powerplant0_.plant_name as plant_na6_1_0_,
        powerplant0_.pstatabb as pstatabb7_1_0_,
        powerplant0_.updated_at as updated_8_1_0_,
        powerplant0_.year as year9_1_0_ 
    from
        powerplant powerplant0_ 
    where
        powerplant0_.sequence_number=?
Hibernate: 
    select
        nextval ('hibernate_sequence')
Hibernate: 
    insert 
    into
        powerplant
        (created_at, generator_id, generator_status, genntan, plant_name, pstatabb, updated_at, year, sequence_number) 
    values
        (?, ?, ?, ?, ?, ?, ?, ?, ?)
Hibernate: 
    insert 
    into
        powerplant
        (created_at, generator_id, generator_status, genntan, plant_name, pstatabb, updated_at, year, sequence_number) 
    values
        (?, ?, ?, ?, ?, ?, ?, ?, ?)
Hibernate: 
    insert 
    into
        powerplant
        (created_at, generator_id, generator_status, genntan, plant_name, pstatabb, updated_at, year, sequence_number) 
    values
        (?, ?, ?, ?, ?, ?, ?, ?, ?)
2022-02-24 14:37:36.828  INFO 3384 --- [    Test worker] o.a.c.c.C.[Tomcat].[localhost].[/]       : Initializing Spring TestDispatcherServlet ''
2022-02-24 14:37:36.829  INFO 3384 --- [    Test worker] o.s.t.web.servlet.TestDispatcherServlet  : Initializing Servlet ''
2022-02-24 14:37:36.829  INFO 3384 --- [    Test worker] o.s.t.web.servlet.TestDispatcherServlet  : Completed initialization in 0 ms
]]></system-out>
  <system-err><![CDATA[]]></system-err>
</testsuite>
