<?xml version="1.0" encoding="UTF-8"?>
<testsuite name="assessments.com.powerplantrestapi.controller.PowerPlantIntegrationTest" tests="0" skipped="0" failures="0" errors="0" timestamp="1970-01-01T00:00:00" hostname="DESKTOP-6G7VJHS" time="0.0">
  <properties/>
  <system-out><![CDATA[14:37:14.832 [Test worker] DEBUG org.springframework.test.context.BootstrapUtils - Instantiating CacheAwareContextLoaderDelegate from class [org.springframework.test.context.cache.DefaultCacheAwareContextLoaderDelegate]
14:37:14.848 [Test worker] DEBUG org.springframework.test.context.BootstrapUtils - Instantiating BootstrapContext using constructor [public org.springframework.test.context.support.DefaultBootstrapContext(java.lang.Class,org.springframework.test.context.CacheAwareContextLoaderDelegate)]
14:37:14.900 [Test worker] DEBUG org.springframework.test.context.BootstrapUtils - Instantiating TestContextBootstrapper for test class [assessments.com.powerplantrestapi.controller.PowerPlantIntegrationTest] from class [org.springframework.boot.test.context.SpringBootTestContextBootstrapper]
14:37:14.926 [Test worker] DEBUG org.springframework.test.context.support.AbstractContextLoader - Did not detect default resource location for test class [assessments.com.powerplantrestapi.controller.base.BaseIntegrationTest]: class path resource [assessments/com/powerplantrestapi/controller/base/BaseIntegrationTest-context.xml] does not exist
14:37:14.926 [Test worker] DEBUG org.springframework.test.context.support.AbstractContextLoader - Did not detect default resource location for test class [assessments.com.powerplantrestapi.controller.base.BaseIntegrationTest]: class path resource [assessments/com/powerplantrestapi/controller/base/BaseIntegrationTestContext.groovy] does not exist
14:37:14.926 [Test worker] INFO org.springframework.test.context.support.AbstractContextLoader - Could not detect default resource locations for test class [assessments.com.powerplantrestapi.controller.base.BaseIntegrationTest]: no resource found for suffixes {-context.xml, Context.groovy}.
14:37:14.927 [Test worker] INFO org.springframework.test.context.support.AnnotationConfigContextLoaderUtils - Could not detect default configuration classes for test class [assessments.com.powerplantrestapi.controller.base.BaseIntegrationTest]: BaseIntegrationTest does not declare any static, non-private, non-final, nested classes annotated with @Configuration.
14:37:14.981 [Test worker] DEBUG org.springframework.test.context.support.ActiveProfilesUtils - Could not find an 'annotation declaring class' for annotation type [org.springframework.test.context.ActiveProfiles] and class [assessments.com.powerplantrestapi.controller.PowerPlantIntegrationTest]
14:37:15.078 [Test worker] DEBUG org.springframework.context.annotation.ClassPathScanningCandidateComponentProvider - Identified candidate component class: file [C:\Users\Intel\Downloads\kotlin-springboot-powerplantrestapi\build\classes\kotlin\main\assessments\com\powerplantrestapi\KotlinRestfulApiApplication.class]
14:37:15.080 [Test worker] INFO org.springframework.boot.test.context.SpringBootTestContextBootstrapper - Found @SpringBootConfiguration assessments.com.powerplantrestapi.KotlinRestfulApiApplication for test class assessments.com.powerplantrestapi.controller.PowerPlantIntegrationTest
14:37:15.217 [Test worker] DEBUG org.springframework.boot.test.context.SpringBootTestContextBootstrapper - @TestExecutionListeners is not present for class [assessments.com.powerplantrestapi.controller.PowerPlantIntegrationTest]: using defaults.
14:37:15.218 [Test worker] INFO org.springframework.boot.test.context.SpringBootTestContextBootstrapper - Loaded default TestExecutionListener class names from location [META-INF/spring.factories]: [org.springframework.boot.test.autoconfigure.restdocs.RestDocsTestExecutionListener, org.springframework.boot.test.autoconfigure.web.client.MockRestServiceServerResetTestExecutionListener, org.springframework.boot.test.autoconfigure.web.servlet.MockMvcPrintOnlyOnFailureTestExecutionListener, org.springframework.boot.test.autoconfigure.web.servlet.WebDriverTestExecutionListener, org.springframework.boot.test.autoconfigure.webservices.client.MockWebServiceServerTestExecutionListener, org.springframework.boot.test.mock.mockito.MockitoTestExecutionListener, org.springframework.boot.test.mock.mockito.ResetMocksTestExecutionListener, org.springframework.test.context.web.ServletTestExecutionListener, org.springframework.test.context.support.DirtiesContextBeforeModesTestExecutionListener, org.springframework.test.context.event.ApplicationEventsTestExecutionListener, org.springframework.test.context.support.DependencyInjectionTestExecutionListener, org.springframework.test.context.support.DirtiesContextTestExecutionListener, org.springframework.test.context.transaction.TransactionalTestExecutionListener, org.springframework.test.context.jdbc.SqlScriptsTestExecutionListener, org.springframework.test.context.event.EventPublishingTestExecutionListener]
14:37:15.240 [Test worker] INFO org.springframework.boot.test.context.SpringBootTestContextBootstrapper - Using TestExecutionListeners: [org.springframework.test.context.web.ServletTestExecutionListener@299266e2, org.springframework.test.context.support.DirtiesContextBeforeModesTestExecutionListener@5471388b, org.springframework.test.context.event.ApplicationEventsTestExecutionListener@66ea1466, org.springframework.boot.test.mock.mockito.MockitoTestExecutionListener@1601e47, org.springframework.boot.test.autoconfigure.SpringBootDependencyInjectionTestExecutionListener@3bffddff, org.springframework.test.context.support.DirtiesContextTestExecutionListener@66971f6b, org.springframework.test.context.transaction.TransactionalTestExecutionListener@50687efb, org.springframework.test.context.jdbc.SqlScriptsTestExecutionListener@517bd097, org.springframework.test.context.event.EventPublishingTestExecutionListener@142eef62, org.springframework.boot.test.autoconfigure.restdocs.RestDocsTestExecutionListener@4a9cc6cb, org.springframework.boot.test.autoconfigure.web.client.MockRestServiceServerResetTestExecutionListener@5990e6c5, org.springframework.boot.test.autoconfigure.web.servlet.MockMvcPrintOnlyOnFailureTestExecutionListener@56e07a08, org.springframework.boot.test.autoconfigure.web.servlet.WebDriverTestExecutionListener@35d6ca49, org.springframework.boot.test.autoconfigure.webservices.client.MockWebServiceServerTestExecutionListener@1950e8a6, org.springframework.boot.test.mock.mockito.ResetMocksTestExecutionListener@47289387]
14:37:15.246 [Test worker] DEBUG org.springframework.test.context.support.AbstractDirtiesContextTestExecutionListener - Before test class: context [DefaultTestContext@64712be testClass = PowerPlantIntegrationTest, testInstance = [null], testMethod = [null], testException = [null], mergedContextConfiguration = [WebMergedContextConfiguration@53499d85 testClass = PowerPlantIntegrationTest, locations = '{}', classes = '{class assessments.com.powerplantrestapi.KotlinRestfulApiApplication}', contextInitializerClasses = '[class assessments.com.powerplantrestapi.controller.base.BaseITInitializer]', activeProfiles = '{}', propertySourceLocations = '{}', propertySourceProperties = '{org.springframework.boot.test.context.SpringBootTestContextBootstrapper=true, server.port=0}', contextCustomizers = set[org.springframework.boot.test.autoconfigure.actuate.metrics.MetricsExportContextCustomizerFactory$DisableMetricExportContextCustomizer@1199fe66, org.springframework.boot.test.autoconfigure.properties.PropertyMappingContextCustomizer@0, org.springframework.boot.test.autoconfigure.web.servlet.WebDriverContextCustomizerFactory$Customizer@5d9b7a8a, org.springframework.boot.test.context.filter.ExcludeFilterContextCustomizer@628c4ac0, org.springframework.boot.test.json.DuplicateJsonObjectContextCustomizerFactory$DuplicateJsonObjectContextCustomizer@363042d7, org.springframework.boot.test.mock.mockito.MockitoContextCustomizer@0, org.springframework.boot.test.web.client.TestRestTemplateContextCustomizer@5b619d14, org.springframework.boot.test.context.SpringBootTestArgs@1, org.springframework.boot.test.context.SpringBootTestWebEnvironment@1a6d8329], resourceBasePath = 'src/main/webapp', contextLoader = 'org.springframework.boot.test.context.SpringBootContextLoader', parent = [null]], attributes = map['org.springframework.test.context.web.ServletTestExecutionListener.activateListener' -> false]], class annotated with @DirtiesContext [false] with mode [null].
]]></system-out>
  <system-err><![CDATA[]]></system-err>
</testsuite>
